app/build/intermediates/manifest_merge_blame_file/debug/manifest-merger-blame-debug-report.txt
1<?xml version="1.0" encoding="utf-8"?>
2<manifest xmlns:android="http://schemas.android.com/apk/res/android"
3    package="com.unipos.axslite"
4    android:versionCode="2"
5    android:versionName="2.3" >
6
7    <uses-sdk
8        android:minSdkVersion="23"
8-->src\main\AndroidManifest.xml
9        android:targetSdkVersion="26" />
9-->src\main\AndroidManifest.xml
10    <!--
11         The ACCESS_COARSE/FINE_LOCATION permissions are not required to use
12         Google Maps Android API v2, but you must specify either coarse or fine
13         location permissions for the "MyLocation" functionality.
14    -->
15    <uses-permission android:name="android.permission.RECORD_AUDIO" />
15-->src\main\AndroidManifest.xml:10:5-71
15-->src\main\AndroidManifest.xml:10:22-68
16
17    <uses-feature
17-->src\main\AndroidManifest.xml:12:5-14:35
18        android:name="android.hardware.microphone"
18-->src\main\AndroidManifest.xml:13:9-51
19        android:required="true" />
19-->src\main\AndroidManifest.xml:14:9-32
20
21    <uses-permission android:name="android.permission.ACCESS_FINE_LOCATION" />
21-->src\main\AndroidManifest.xml:16:5-79
21-->src\main\AndroidManifest.xml:16:22-76
22    <uses-permission android:name="android.permission.ACCESS_COARSE_LOCATION" />
22-->src\main\AndroidManifest.xml:17:5-81
22-->src\main\AndroidManifest.xml:17:22-78
23    <uses-permission android:name="android.permission.CALL_PHONE" />
23-->src\main\AndroidManifest.xml:18:5-69
23-->src\main\AndroidManifest.xml:18:22-66
24    <uses-permission android:name="android.permission.READ_PHONE_STATE" />
24-->src\main\AndroidManifest.xml:19:5-75
24-->src\main\AndroidManifest.xml:19:22-72
25    <uses-permission android:name="android.permission.INTERNET" />
25-->src\main\AndroidManifest.xml:20:5-67
25-->src\main\AndroidManifest.xml:20:22-64
26    <uses-permission android:name="android.permission.ACCESS_NETWORK_STATE" />
26-->src\main\AndroidManifest.xml:21:5-79
26-->src\main\AndroidManifest.xml:21:22-76
27    <uses-permission android:name="android.permission.CAMERA" />
27-->src\main\AndroidManifest.xml:22:5-65
27-->src\main\AndroidManifest.xml:22:22-62
28    <uses-permission android:name="android.permission.RECEIVE_BOOT_COMPLETED" />
28-->src\main\AndroidManifest.xml:23:5-81
28-->src\main\AndroidManifest.xml:23:22-78
29    <uses-permission android:name="android.permission.WAKE_LOCK" />
29-->src\main\AndroidManifest.xml:24:5-68
29-->src\main\AndroidManifest.xml:24:22-65
30    <uses-permission android:name="android.permission.WRITE_EXTERNAL_STORAGE" />
30-->src\main\AndroidManifest.xml:25:5-81
30-->src\main\AndroidManifest.xml:25:22-78
31    <uses-permission android:name="android.permission.VIBRATE" />
31-->src\main\AndroidManifest.xml:26:5-66
31-->src\main\AndroidManifest.xml:26:22-63
32    <uses-permission android:name="android.permission.RECORD_AUDIO" />
32-->src\main\AndroidManifest.xml:10:5-71
32-->src\main\AndroidManifest.xml:10:22-68
33    <uses-permission android:name="android.permission.ACCESS_WIFI_STATE" />
33-->src\main\AndroidManifest.xml:28:5-76
33-->src\main\AndroidManifest.xml:28:22-73
34
35    <permission
35-->src\main\AndroidManifest.xml:30:5-33:44
36        android:name="android.permission.FLASHLIGHT"
36-->src\main\AndroidManifest.xml:31:9-53
37        android:permissionGroup="android.permission-group.HARDWARE_CONTROLS"
37-->src\main\AndroidManifest.xml:32:9-77
38        android:protectionLevel="normal" />
38-->src\main\AndroidManifest.xml:33:9-41
39
40    <uses-feature android:name="android.hardware.camera" />
40-->src\main\AndroidManifest.xml:35:5-60
40-->src\main\AndroidManifest.xml:35:19-57
41    <uses-feature android:name="android.hardware.camera.autofocus" />
41-->src\main\AndroidManifest.xml:36:5-70
41-->src\main\AndroidManifest.xml:36:19-67
42
43    <!-- android:installLocation="auto"   BOOT_COMPLETE is sent to applications before external storage is mounted. So if application is installed to external storage it won't receive BOOT_COMPLETE broadcast message. -->
44    <!-- <uses-sdk android:minSdkVersion="9" android:targetSdkVersion="28" /> -->
45    <uses-feature
45-->[:AJVoIP] AndroidManifest.xml:23:5-25:36
46        android:name="android.hardware.audio.low_latency"
46-->[:AJVoIP] AndroidManifest.xml:24:9-58
47        android:required="false" />
47-->[:AJVoIP] AndroidManifest.xml:25:9-33
48    <uses-feature
48-->[:AJVoIP] AndroidManifest.xml:26:5-28:36
49        android:name="android.hardware.audio.output"
49-->[:AJVoIP] AndroidManifest.xml:27:9-53
50        android:required="false" />
50-->[:AJVoIP] AndroidManifest.xml:28:9-33
51    <uses-feature
51-->[:AJVoIP] AndroidManifest.xml:29:5-31:36
52        android:name="android.hardware.audio.pro"
52-->[:AJVoIP] AndroidManifest.xml:30:9-50
53        android:required="false" />
53-->[:AJVoIP] AndroidManifest.xml:31:9-33
54    <uses-feature
54-->[:AJVoIP] AndroidManifest.xml:32:5-34:36
55        android:name="android.hardware.telephony"
55-->[:AJVoIP] AndroidManifest.xml:33:9-50
56        android:required="false" />
56-->[:AJVoIP] AndroidManifest.xml:34:9-33
57    <uses-feature
57-->[:AJVoIP] AndroidManifest.xml:35:5-37:36
58        android:name="android.hardware.bluetooth"
58-->[:AJVoIP] AndroidManifest.xml:36:9-50
59        android:required="false" />
59-->[:AJVoIP] AndroidManifest.xml:37:9-33
60    <uses-feature
60-->[:AJVoIP] AndroidManifest.xml:38:5-40:36
61        android:name="android.hardware.wifi"
61-->[:AJVoIP] AndroidManifest.xml:39:9-45
62        android:required="false" />
62-->[:AJVoIP] AndroidManifest.xml:40:9-33
63    <uses-feature
63-->[:AJVoIP] AndroidManifest.xml:44:5-46:36
64        android:name="android.hardware.sensor.proximity"
64-->[:AJVoIP] AndroidManifest.xml:45:9-57
65        android:required="false" />
65-->[:AJVoIP] AndroidManifest.xml:46:9-33
66    <uses-feature
66-->[:AJVoIP] AndroidManifest.xml:53:5-55:36
67        android:name="android.hardware.camera.front"
67-->[:AJVoIP] AndroidManifest.xml:54:9-53
68        android:required="false" />
68-->[:AJVoIP] AndroidManifest.xml:55:9-33
69    <uses-feature
69-->[:AJVoIP] AndroidManifest.xml:56:5-58:36
70        android:name="android.hardware.camera.any"
70-->[:AJVoIP] AndroidManifest.xml:57:9-51
71        android:required="false" />
71-->[:AJVoIP] AndroidManifest.xml:58:9-33
72    <uses-feature
72-->[:AJVoIP] AndroidManifest.xml:59:5-61:36
73        android:name="android.software.sip"
73-->[:AJVoIP] AndroidManifest.xml:60:9-44
74        android:required="false" />
74-->[:AJVoIP] AndroidManifest.xml:61:9-33
75    <uses-feature
75-->[:AJVoIP] AndroidManifest.xml:62:5-64:36
76        android:name="android.software.sip.voip"
76-->[:AJVoIP] AndroidManifest.xml:63:9-49
77        android:required="false" />
77-->[:AJVoIP] AndroidManifest.xml:64:9-33
78    <uses-feature
78-->[:AJVoIP] AndroidManifest.xml:65:5-67:36
79        android:name="android.software.webview"
79-->[:AJVoIP] AndroidManifest.xml:66:9-48
80        android:required="false" />
80-->[:AJVoIP] AndroidManifest.xml:67:9-33
81
82    <uses-permission android:name="android.permission.BLUETOOTH" />
82-->[:AJVoIP] AndroidManifest.xml:73:5-68
82-->[:AJVoIP] AndroidManifest.xml:73:22-65
83    <uses-permission android:name="android.permission.CHANGE_NETWORK_STATE" />
83-->[:AJVoIP] AndroidManifest.xml:74:5-79
83-->[:AJVoIP] AndroidManifest.xml:74:22-76
84    <uses-permission android:name="android.permission.CHANGE_WIFI_STATE" />
84-->[:AJVoIP] AndroidManifest.xml:75:5-76
84-->[:AJVoIP] AndroidManifest.xml:75:22-73
85    <uses-permission android:name="android.permission.DISABLE_KEYGUARD" />
85-->[:AJVoIP] AndroidManifest.xml:76:5-75
85-->[:AJVoIP] AndroidManifest.xml:76:22-72
86    <uses-permission android:name="android.permission.MODIFY_AUDIO_SETTINGS" />
86-->[:AJVoIP] AndroidManifest.xml:77:5-80
86-->[:AJVoIP] AndroidManifest.xml:77:22-77
87    <uses-permission android:name="android.permission.READ_EXTERNAL_STORAGE" />
87-->[com.github.dhaval2404:imagepicker:1.7.5] AndroidManifest.xml:11:5-80
87-->[com.github.dhaval2404:imagepicker:1.7.5] AndroidManifest.xml:11:22-77
88
89    <uses-feature
89-->[com.google.android.gms:play-services-maps:17.0.0] AndroidManifest.xml:26:5-28:35
90        android:glEsVersion="0x00020000"
90-->[com.google.android.gms:play-services-maps:17.0.0] AndroidManifest.xml:27:9-41
91        android:required="true" />
91-->[com.google.android.gms:play-services-maps:17.0.0] AndroidManifest.xml:28:9-32
92
93    <uses-permission android:name="android.permission.FOREGROUND_SERVICE" />
93-->[androidx.work:work-runtime:2.4.0] AndroidManifest.xml:28:5-77
93-->[androidx.work:work-runtime:2.4.0] AndroidManifest.xml:28:22-74
94
95    <application
95-->src\main\AndroidManifest.xml:38:5-119:19
96        android:allowBackup="false"
96-->src\main\AndroidManifest.xml:39:9-36
97        android:appComponentFactory="androidx.core.app.CoreComponentFactory"
97-->[androidx.core:core:1.3.1] AndroidManifest.xml:24:18-86
98        android:debuggable="true"
99        android:extractNativeLibs="false"
100        android:icon="@drawable/axs_logo"
100-->src\main\AndroidManifest.xml:40:9-42
101        android:label="@string/app_name"
101-->src\main\AndroidManifest.xml:41:9-41
102        android:requestLegacyExternalStorage="true"
102-->src\main\AndroidManifest.xml:42:9-52
103        android:roundIcon="@drawable/axs_logo"
103-->src\main\AndroidManifest.xml:43:9-47
104        android:supportsRtl="true"
104-->src\main\AndroidManifest.xml:44:9-35
105        android:theme="@style/AppTheme"
105-->src\main\AndroidManifest.xml:45:9-40
106        android:usesCleartextTraffic="true" >
106-->src\main\AndroidManifest.xml:46:9-44
107        <activity android:name="com.unipos.axslite.UpdateDebug.RouteMarker.MapRouteActivity" />
107-->src\main\AndroidManifest.xml:47:9-87
107-->src\main\AndroidManifest.xml:47:19-75
108        <activity android:name="com.unipos.axslite.UpdateDebug.PhoneCallActivity" />
108-->src\main\AndroidManifest.xml:48:9-67
108-->src\main\AndroidManifest.xml:48:19-64
109        <activity android:name="com.unipos.axslite.UpdateDebug.SelfDispatchActivity" />
109-->src\main\AndroidManifest.xml:49:9-70
109-->src\main\AndroidManifest.xml:49:19-67
110        <activity android:name="com.unipos.axslite.UpdateDebug.MenuActivity" />
110-->src\main\AndroidManifest.xml:50:9-62
110-->src\main\AndroidManifest.xml:50:19-59
111        <activity android:name="com.unipos.axslite.UpdateDebug.ScannerActivity" />
111-->src\main\AndroidManifest.xml:51:9-65
111-->src\main\AndroidManifest.xml:51:19-62
112        <activity android:name="com.unipos.axslite.Activity.TaskInfoUpdateActivity" />
112-->src\main\AndroidManifest.xml:52:9-69
112-->src\main\AndroidManifest.xml:52:19-66
113        <activity android:name="com.unipos.axslite.Activity.ShowListOfTaskGroupByLocationKeyActivity" />
113-->src\main\AndroidManifest.xml:53:9-87
113-->src\main\AndroidManifest.xml:53:19-84
114        <activity
114-->src\main\AndroidManifest.xml:54:9-56:59
115            android:name="com.unipos.axslite.Activity.ScreenSlidePagerActivity"
115-->src\main\AndroidManifest.xml:55:13-62
116            android:theme="@style/AppTheme.NoActionBar" />
116-->src\main\AndroidManifest.xml:56:13-56
117        <activity
117-->src\main\AndroidManifest.xml:57:9-59:59
118            android:name="com.unipos.axslite.Activity.ShipmentActivity"
118-->src\main\AndroidManifest.xml:58:13-54
119            android:theme="@style/AppTheme.NoActionBar" />
119-->src\main\AndroidManifest.xml:59:13-56
120        <activity
120-->src\main\AndroidManifest.xml:60:9-62:59
121            android:name="com.unipos.axslite.Activity.ChooseCompanyActivity"
121-->src\main\AndroidManifest.xml:61:13-59
122            android:theme="@style/AppTheme.NoActionBar" />
122-->src\main\AndroidManifest.xml:62:13-56
123        <activity android:name="com.unipos.axslite.Activity.SignatureActivity" />
123-->src\main\AndroidManifest.xml:63:9-64
123-->src\main\AndroidManifest.xml:63:19-61
124        <activity android:name="com.unipos.axslite.Activity.GPS_StatusActivity" />
124-->src\main\AndroidManifest.xml:64:9-65
124-->src\main\AndroidManifest.xml:64:19-62
125        <activity android:name="com.unipos.axslite.Activity.ScanPackageActivity" />
125-->src\main\AndroidManifest.xml:65:9-66
125-->src\main\AndroidManifest.xml:65:19-63
126
127        <service android:name="com.unipos.axslite.BackgroudService.Workers.SyncRemoteServerService" />
127-->src\main\AndroidManifest.xml:67:9-85
127-->src\main\AndroidManifest.xml:67:18-82
128        <service android:name="com.unipos.axslite.BackgroudService.Workers.LocationService" />
128-->src\main\AndroidManifest.xml:68:9-77
128-->src\main\AndroidManifest.xml:68:18-74
129        <service android:name="com.unipos.axslite.BackgroudService.Workers.UploadImageService" />
129-->src\main\AndroidManifest.xml:69:9-80
129-->src\main\AndroidManifest.xml:69:18-77
130        <service android:name="com.unipos.axslite.BackgroudService.Workers.Foreground_GPS_Service" />
130-->src\main\AndroidManifest.xml:70:9-84
130-->src\main\AndroidManifest.xml:70:18-81
131        <!--
132             The API key for Google Maps-based APIs is defined as a string resource.
133             (See the file "res/values/google_maps_api.xml").
134             Note that the API key is linked to the encryption key used to sign the APK.
135             You need a different API key for each encryption key, including the release key that is used to
136             sign the APK for publishing.
137             You can define the keys for the debug and release targets in src/debug/ and src/release/.
138        -->
139        <meta-data
139-->src\main\AndroidManifest.xml:79:9-81:55
140            android:name="com.google.android.geo.API_KEY"
140-->src\main\AndroidManifest.xml:80:13-58
141            android:value="@string/google_maps_key" />
141-->src\main\AndroidManifest.xml:81:13-52
142
143        <activity android:name="com.unipos.axslite.MainActivity" >
143-->src\main\AndroidManifest.xml:83:9-89:20
143-->src\main\AndroidManifest.xml:83:19-47
144            <intent-filter>
144-->src\main\AndroidManifest.xml:84:13-88:29
145                <action android:name="android.intent.action.MAIN" />
145-->src\main\AndroidManifest.xml:85:17-69
145-->src\main\AndroidManifest.xml:85:25-66
146
147                <category android:name="android.intent.category.LAUNCHER" />
147-->src\main\AndroidManifest.xml:87:17-77
147-->src\main\AndroidManifest.xml:87:27-74
148            </intent-filter>
149        </activity>
150        <activity android:name="com.unipos.axslite.here.turn.HereTurnNavActivity" />
150-->src\main\AndroidManifest.xml:90:9-67
150-->src\main\AndroidManifest.xml:90:19-64
151        <activity android:name="com.unipos.axslite.here.adnav.HereAdvanceNavActivity" />
151-->src\main\AndroidManifest.xml:91:9-71
151-->src\main\AndroidManifest.xml:91:19-68
152        <!--
153Developers should put application credentials here.To obtain them, please register the application
154         at https://developer.here.com/develop/mobile-sdks
155        -->
156        <meta-data
156-->src\main\AndroidManifest.xml:96:9-98:52
157            android:name="com.here.android.maps.appid"
157-->src\main\AndroidManifest.xml:97:13-55
158            android:value="CvjeJJL4RUq34uKkpxiP" />
158-->src\main\AndroidManifest.xml:98:13-49
159        <meta-data
159-->src\main\AndroidManifest.xml:99:9-101:54
160            android:name="com.here.android.maps.apptoken"
160-->src\main\AndroidManifest.xml:100:13-58
161            android:value="EX4lKdnXTfofi4ZyXrT9ww" />
161-->src\main\AndroidManifest.xml:101:13-51
162        <meta-data
162-->src\main\AndroidManifest.xml:102:9-104:716
163            android:name="com.here.android.maps.license.key"
163-->src\main\AndroidManifest.xml:103:13-61
164            android:value="UkvYc18cLZWcphRt69S/BUxLTzd1VOSnk1Jf8lbFlGsN2bIieGCFjWWC61svXaCvK3tLhC6eRY0I1bMitKdVhuhka226GHYcabEx6XWUTRIZ4xdbyvOCs6RGMwzfj2kdqgjyFBBU8xKECE+hqnldl/hdCt8TvEQSpt4W81/HnycMMpKUngKlFkRw3yEba5pS8Yb9Zl6FYhwruIur03fBOtSZr4dtB37pE9EpGUzMi3gBBJrV5tS1vDkFbd0A446DAmgLd6xARlF/SXZoLGV5nkCyy3u9k7+PPqSZzo8wJyPMMhT6EFwJpqes+hU4kiWRTm7Sp+lW8xuyBSGybeX6deO2nmA8YUGWUgRCcmhc/DzJLH6IoqjkhbPbP2EiVgpstghdZF0oR/3R4ZNq7YCxr0Dn2d5XZVUY0cZjQV6SyA2nb7/oxpxCQ6qxfzEMSZ/N52v6L/CMkKc9Oi4V/ul6z5pLUheJV4AmAEEPcFFNhQ6aMhfM5PAXxn6rTHdZ1sjBfBRccrTLEJNQnHgyc2wYg/gi8hn24DsluvQ3wH+K+n4vib7MyYlsQRLFtZ/4KNjeNXdB4TqcL65zumgiVUo9FmTCQidmSWsgYJygcLF96Ojzg4qlgI1ZSFrbcqmGRwRJpx8lMvODH/U0rqyP23nzk1Zqp+sUhli3YhBRvvF9wC8=" />
164-->src\main\AndroidManifest.xml:104:13-713
165
166        <provider
166-->src\main\AndroidManifest.xml:106:9-116:20
167            android:name="androidx.core.content.FileProvider"
167-->src\main\AndroidManifest.xml:107:13-62
168            android:authorities="com.unipos.axslite.Utils.FileProvider"
168-->src\main\AndroidManifest.xml:108:13-72
169            android:exported="false"
169-->src\main\AndroidManifest.xml:109:13-37
170            android:grantUriPermissions="true" >
170-->src\main\AndroidManifest.xml:110:13-47
171
172            <!-- ressource file to create -->
173            <meta-data
173-->src\main\AndroidManifest.xml:113:13-115:54
174                android:name="android.support.FILE_PROVIDER_PATHS"
174-->src\main\AndroidManifest.xml:114:17-67
175                android:resource="@xml/file_paths" />
175-->src\main\AndroidManifest.xml:115:17-51
176        </provider>
177
178        <service android:name="com.unipos.axslite.here.turn.HereTurnForegroundService" />
178-->src\main\AndroidManifest.xml:118:9-72
178-->src\main\AndroidManifest.xml:118:18-69
179        <service
179-->[HERE-sdk.aar] AndroidManifest.xml:12:9-14:40
180            android:name="com.nokia.maps.MapServiceInternal"
180-->[HERE-sdk.aar] AndroidManifest.xml:13:13-61
181            android:exported="false" />
181-->[HERE-sdk.aar] AndroidManifest.xml:14:13-37
182
183        <activity
183-->[com.github.dhaval2404:imagepicker:1.7.5] AndroidManifest.xml:15:9-18:68
184            android:name="com.github.dhaval2404.imagepicker.ImagePickerActivity"
184-->[com.github.dhaval2404:imagepicker:1.7.5] AndroidManifest.xml:16:13-81
185            android:screenOrientation="unspecified"
185-->[com.github.dhaval2404:imagepicker:1.7.5] AndroidManifest.xml:17:13-52
186            android:theme="@style/Theme.Transparent.ImagePicker" />
186-->[com.github.dhaval2404:imagepicker:1.7.5] AndroidManifest.xml:18:13-65
187        <activity
187-->[com.github.dhaval2404:imagepicker:1.7.5] AndroidManifest.xml:19:9-22:72
188            android:name="com.yalantis.ucrop.UCropActivity"
188-->[com.github.dhaval2404:imagepicker:1.7.5] AndroidManifest.xml:20:13-60
189            android:screenOrientation="portrait"
189-->[com.github.dhaval2404:imagepicker:1.7.5] AndroidManifest.xml:21:13-49
190            android:theme="@style/Theme.AppCompat.Light.NoActionBar" />
190-->[com.github.dhaval2404:imagepicker:1.7.5] AndroidManifest.xml:22:13-69
191
192        <provider
192-->[com.github.dhaval2404:imagepicker:1.7.5] AndroidManifest.xml:24:9-32:20
193            android:name="com.github.dhaval2404.imagepicker.ImagePickerFileProvider"
193-->[com.github.dhaval2404:imagepicker:1.7.5] AndroidManifest.xml:25:13-85
194            android:authorities="com.unipos.axslite.imagepicker.provider"
194-->[com.github.dhaval2404:imagepicker:1.7.5] AndroidManifest.xml:26:13-72
195            android:exported="false"
195-->[com.github.dhaval2404:imagepicker:1.7.5] AndroidManifest.xml:27:13-37
196            android:grantUriPermissions="true" >
196-->[com.github.dhaval2404:imagepicker:1.7.5] AndroidManifest.xml:28:13-47
197            <meta-data
197-->src\main\AndroidManifest.xml:113:13-115:54
198                android:name="android.support.FILE_PROVIDER_PATHS"
198-->src\main\AndroidManifest.xml:114:17-67
199                android:resource="@xml/image_picker_provider_paths" />
199-->src\main\AndroidManifest.xml:115:17-51
200        </provider> <!-- Needs to be explicitly declared on P+ -->
201        <uses-library
201-->[com.google.android.gms:play-services-maps:17.0.0] AndroidManifest.xml:33:9-35:40
202            android:name="org.apache.http.legacy"
202-->[com.google.android.gms:play-services-maps:17.0.0] AndroidManifest.xml:34:13-50
203            android:required="false" />
203-->[com.google.android.gms:play-services-maps:17.0.0] AndroidManifest.xml:35:13-37
204
205        <provider
205-->[androidx.work:work-runtime:2.4.0] AndroidManifest.xml:31:9-37:35
206            android:name="androidx.work.impl.WorkManagerInitializer"
206-->[androidx.work:work-runtime:2.4.0] AndroidManifest.xml:32:13-69
207            android:authorities="com.unipos.axslite.workmanager-init"
207-->[androidx.work:work-runtime:2.4.0] AndroidManifest.xml:33:13-68
208            android:directBootAware="false"
208-->[androidx.work:work-runtime:2.4.0] AndroidManifest.xml:34:13-44
209            android:exported="false"
209-->[androidx.work:work-runtime:2.4.0] AndroidManifest.xml:35:13-37
210            android:multiprocess="true" />
210-->[androidx.work:work-runtime:2.4.0] AndroidManifest.xml:36:13-40
211
212        <service
212-->[androidx.work:work-runtime:2.4.0] AndroidManifest.xml:39:9-44:35
213            android:name="androidx.work.impl.background.systemalarm.SystemAlarmService"
213-->[androidx.work:work-runtime:2.4.0] AndroidManifest.xml:40:13-88
214            android:directBootAware="false"
214-->[androidx.work:work-runtime:2.4.0] AndroidManifest.xml:41:13-44
215            android:enabled="@bool/enable_system_alarm_service_default"
215-->[androidx.work:work-runtime:2.4.0] AndroidManifest.xml:42:13-72
216            android:exported="false" />
216-->[androidx.work:work-runtime:2.4.0] AndroidManifest.xml:43:13-37
217        <service
217-->[androidx.work:work-runtime:2.4.0] AndroidManifest.xml:45:9-51:35
218            android:name="androidx.work.impl.background.systemjob.SystemJobService"
218-->[androidx.work:work-runtime:2.4.0] AndroidManifest.xml:46:13-84
219            android:directBootAware="false"
219-->[androidx.work:work-runtime:2.4.0] AndroidManifest.xml:47:13-44
220            android:enabled="@bool/enable_system_job_service_default"
220-->[androidx.work:work-runtime:2.4.0] AndroidManifest.xml:48:13-70
221            android:exported="true"
221-->[androidx.work:work-runtime:2.4.0] AndroidManifest.xml:49:13-36
222            android:permission="android.permission.BIND_JOB_SERVICE" />
222-->[androidx.work:work-runtime:2.4.0] AndroidManifest.xml:50:13-69
223        <service
223-->[androidx.work:work-runtime:2.4.0] AndroidManifest.xml:52:9-57:35
224            android:name="androidx.work.impl.foreground.SystemForegroundService"
224-->[androidx.work:work-runtime:2.4.0] AndroidManifest.xml:53:13-81
225            android:directBootAware="false"
225-->[androidx.work:work-runtime:2.4.0] AndroidManifest.xml:54:13-44
226            android:enabled="@bool/enable_system_foreground_service_default"
226-->[androidx.work:work-runtime:2.4.0] AndroidManifest.xml:55:13-77
227            android:exported="false" />
227-->[androidx.work:work-runtime:2.4.0] AndroidManifest.xml:56:13-37
228
229        <receiver
229-->[androidx.work:work-runtime:2.4.0] AndroidManifest.xml:59:9-64:35
230            android:name="androidx.work.impl.utils.ForceStopRunnable$BroadcastReceiver"
230-->[androidx.work:work-runtime:2.4.0] AndroidManifest.xml:60:13-88
231            android:directBootAware="false"
231-->[androidx.work:work-runtime:2.4.0] AndroidManifest.xml:61:13-44
232            android:enabled="true"
232-->[androidx.work:work-runtime:2.4.0] AndroidManifest.xml:62:13-35
233            android:exported="false" />
233-->[androidx.work:work-runtime:2.4.0] AndroidManifest.xml:63:13-37
234        <receiver
234-->[androidx.work:work-runtime:2.4.0] AndroidManifest.xml:65:9-75:20
235            android:name="androidx.work.impl.background.systemalarm.ConstraintProxy$BatteryChargingProxy"
235-->[androidx.work:work-runtime:2.4.0] AndroidManifest.xml:66:13-106
236            android:directBootAware="false"
236-->[androidx.work:work-runtime:2.4.0] AndroidManifest.xml:67:13-44
237            android:enabled="false"
237-->[androidx.work:work-runtime:2.4.0] AndroidManifest.xml:68:13-36
238            android:exported="false" >
238-->[androidx.work:work-runtime:2.4.0] AndroidManifest.xml:69:13-37
239            <intent-filter>
239-->[androidx.work:work-runtime:2.4.0] AndroidManifest.xml:71:13-74:29
240                <action android:name="android.intent.action.ACTION_POWER_CONNECTED" />
240-->[androidx.work:work-runtime:2.4.0] AndroidManifest.xml:72:17-87
240-->[androidx.work:work-runtime:2.4.0] AndroidManifest.xml:72:25-84
241                <action android:name="android.intent.action.ACTION_POWER_DISCONNECTED" />
241-->[androidx.work:work-runtime:2.4.0] AndroidManifest.xml:73:17-90
241-->[androidx.work:work-runtime:2.4.0] AndroidManifest.xml:73:25-87
242            </intent-filter>
243        </receiver>
244        <receiver
244-->[androidx.work:work-runtime:2.4.0] AndroidManifest.xml:76:9-86:20
245            android:name="androidx.work.impl.background.systemalarm.ConstraintProxy$BatteryNotLowProxy"
245-->[androidx.work:work-runtime:2.4.0] AndroidManifest.xml:77:13-104
246            android:directBootAware="false"
246-->[androidx.work:work-runtime:2.4.0] AndroidManifest.xml:78:13-44
247            android:enabled="false"
247-->[androidx.work:work-runtime:2.4.0] AndroidManifest.xml:79:13-36
248            android:exported="false" >
248-->[androidx.work:work-runtime:2.4.0] AndroidManifest.xml:80:13-37
249            <intent-filter>
249-->[androidx.work:work-runtime:2.4.0] AndroidManifest.xml:82:13-85:29
250                <action android:name="android.intent.action.BATTERY_OKAY" />
250-->[androidx.work:work-runtime:2.4.0] AndroidManifest.xml:83:17-77
250-->[androidx.work:work-runtime:2.4.0] AndroidManifest.xml:83:25-74
251                <action android:name="android.intent.action.BATTERY_LOW" />
251-->[androidx.work:work-runtime:2.4.0] AndroidManifest.xml:84:17-76
251-->[androidx.work:work-runtime:2.4.0] AndroidManifest.xml:84:25-73
252            </intent-filter>
253        </receiver>
254        <receiver
254-->[androidx.work:work-runtime:2.4.0] AndroidManifest.xml:87:9-97:20
255            android:name="androidx.work.impl.background.systemalarm.ConstraintProxy$StorageNotLowProxy"
255-->[androidx.work:work-runtime:2.4.0] AndroidManifest.xml:88:13-104
256            android:directBootAware="false"
256-->[androidx.work:work-runtime:2.4.0] AndroidManifest.xml:89:13-44
257            android:enabled="false"
257-->[androidx.work:work-runtime:2.4.0] AndroidManifest.xml:90:13-36
258            android:exported="false" >
258-->[androidx.work:work-runtime:2.4.0] AndroidManifest.xml:91:13-37
259            <intent-filter>
259-->[androidx.work:work-runtime:2.4.0] AndroidManifest.xml:93:13-96:29
260                <action android:name="android.intent.action.DEVICE_STORAGE_LOW" />
260-->[androidx.work:work-runtime:2.4.0] AndroidManifest.xml:94:17-83
260-->[androidx.work:work-runtime:2.4.0] AndroidManifest.xml:94:25-80
261                <action android:name="android.intent.action.DEVICE_STORAGE_OK" />
261-->[androidx.work:work-runtime:2.4.0] AndroidManifest.xml:95:17-82
261-->[androidx.work:work-runtime:2.4.0] AndroidManifest.xml:95:25-79
262            </intent-filter>
263        </receiver>
264        <receiver
264-->[androidx.work:work-runtime:2.4.0] AndroidManifest.xml:98:9-107:20
265            android:name="androidx.work.impl.background.systemalarm.ConstraintProxy$NetworkStateProxy"
265-->[androidx.work:work-runtime:2.4.0] AndroidManifest.xml:99:13-103
266            android:directBootAware="false"
266-->[androidx.work:work-runtime:2.4.0] AndroidManifest.xml:100:13-44
267            android:enabled="false"
267-->[androidx.work:work-runtime:2.4.0] AndroidManifest.xml:101:13-36
268            android:exported="false" >
268-->[androidx.work:work-runtime:2.4.0] AndroidManifest.xml:102:13-37
269            <intent-filter>
269-->[androidx.work:work-runtime:2.4.0] AndroidManifest.xml:104:13-106:29
270                <action android:name="android.net.conn.CONNECTIVITY_CHANGE" />
270-->[androidx.work:work-runtime:2.4.0] AndroidManifest.xml:105:17-79
270-->[androidx.work:work-runtime:2.4.0] AndroidManifest.xml:105:25-76
271            </intent-filter>
272        </receiver>
273        <receiver
273-->[androidx.work:work-runtime:2.4.0] AndroidManifest.xml:108:9-119:20
274            android:name="androidx.work.impl.background.systemalarm.RescheduleReceiver"
274-->[androidx.work:work-runtime:2.4.0] AndroidManifest.xml:109:13-88
275            android:directBootAware="false"
275-->[androidx.work:work-runtime:2.4.0] AndroidManifest.xml:110:13-44
276            android:enabled="false"
276-->[androidx.work:work-runtime:2.4.0] AndroidManifest.xml:111:13-36
277            android:exported="false" >
277-->[androidx.work:work-runtime:2.4.0] AndroidManifest.xml:112:13-37
278            <intent-filter>
278-->[androidx.work:work-runtime:2.4.0] AndroidManifest.xml:114:13-118:29
279                <action android:name="android.intent.action.BOOT_COMPLETED" />
279-->[androidx.work:work-runtime:2.4.0] AndroidManifest.xml:115:17-79
279-->[androidx.work:work-runtime:2.4.0] AndroidManifest.xml:115:25-76
280                <action android:name="android.intent.action.TIME_SET" />
280-->[androidx.work:work-runtime:2.4.0] AndroidManifest.xml:116:17-73
280-->[androidx.work:work-runtime:2.4.0] AndroidManifest.xml:116:25-70
281                <action android:name="android.intent.action.TIMEZONE_CHANGED" />
281-->[androidx.work:work-runtime:2.4.0] AndroidManifest.xml:117:17-81
281-->[androidx.work:work-runtime:2.4.0] AndroidManifest.xml:117:25-78
282            </intent-filter>
283        </receiver>
284        <receiver
284-->[androidx.work:work-runtime:2.4.0] AndroidManifest.xml:120:9-129:20
285            android:name="androidx.work.impl.background.systemalarm.ConstraintProxyUpdateReceiver"